0

         X(I) I=  1 TO 77
         -1.075000   -0.950000   -0.825000   -0.700000   -0.575000   -0.450000
         -0.350000   -0.250000   -0.175000   -0.125000   -0.075000   -0.052500
         -0.035000   -0.022500   -0.015000   -0.007500   -0.002500    0.002500
          0.007500    0.012500    0.017500    0.022500    0.027500    0.032500
          0.037500    0.045000    0.055000    0.065000    0.075000    0.085000
          0.097500    0.115000    0.140625    0.171875    0.203125    0.234375
          0.265625    0.296875    0.328125    0.359375    0.390625    0.421875
          0.453125    0.484375    0.515625    0.546875    0.578125    0.609375
          0.640625    0.671875    0.703125    0.734375    0.765625    0.796875
          0.828125    0.859375    0.885000    0.900000    0.915000    0.930000
          0.945000    0.960000    0.975000    0.990000    1.000000    1.010000
          1.025000    1.050000    1.090000    1.150000    1.225000    1.300000
          1.400000    1.500000    1.625000    1.750000    1.875000
0

         Y(J) J=  1 TO 56
         -5.200000   -4.400000   -3.600000   -3.000000   -2.400000   -1.950000
         -1.600000   -1.350000   -1.150000   -0.950000   -0.800000   -0.650000
         -0.550000   -0.450000   -0.390000   -0.340000   -0.300000   -0.270000
         -0.240000   -0.210000   -0.180000   -0.150000   -0.125000   -0.100000
         -0.075000   -0.050000   -0.030000   -0.010000    0.010000    0.030000
          0.050000    0.075000    0.100000    0.125000    0.150000    0.180000
          0.210000    0.240000    0.270000    0.300000    0.340000    0.390000
          0.450000    0.550000    0.650000    0.800000    0.950000    1.150000
          1.350000    1.600000    1.950000    2.400000    3.000000    3.600000
          4.400000    5.200000
